2025-08-29 19:39:41,714 - __main__ - INFO - Training new ML model...
2025-08-29 19:39:41,846 - __main__ - INFO - ML model trained and saved successfully
2025-08-29 19:39:43,340 - __mp_main__ - INFO - ML model loaded successfully
2025-08-29 19:39:43,410 - main - INFO - ML model loaded successfully
2025-08-29 19:39:43,460 - watchfiles.main - INFO - 2 changes detected
2025-08-29 19:39:43,811 - watchfiles.main - INFO - 1 change detected
2025-08-29 19:39:44,161 - watchfiles.main - INFO - 1 change detected
2025-08-29 19:39:44,512 - watchfiles.main - INFO - 1 change detected
2025-08-29 19:39:44,863 - watchfiles.main - INFO - 1 change detected
2025-08-29 19:39:45,214 - watchfiles.main - INFO - 1 change detected
2025-08-29 19:39:45,565 - watchfiles.main - INFO - 1 change detected
2025-08-29 19:39:45,916 - watchfiles.main - INFO - 1 change detected
2025-08-29 19:39:46,266 - watchfiles.main - INFO - 1 change detected
2025-08-29 19:39:46,617 - watchfiles.main - INFO - 1 change detected
2025-08-29 19:39:46,968 - watchfiles.main - INFO - 1 change detected
2025-08-29 19:39:47,319 - watchfiles.main - INFO - 1 change detected
2025-08-29 19:39:47,669 - watchfiles.main - INFO - 1 change detected
2025-08-29 19:39:48,020 - watchfiles.main - INFO - 1 change detected
2025-08-29 19:39:48,371 - watchfiles.main - INFO - 1 change detected
2025-08-29 19:39:48,722 - watchfiles.main - INFO - 1 change detected
2025-08-29 19:39:49,073 - watchfiles.main - INFO - 1 change detected
2025-08-29 19:39:49,424 - watchfiles.main - INFO - 1 change detected
2025-08-29 19:39:49,775 - watchfiles.main - INFO - 1 change detected
2025-08-29 19:39:50,126 - watchfiles.main - INFO - 1 change detected
2025-08-29 19:39:50,479 - watchfiles.main - INFO - 1 change detected
2025-08-29 19:39:50,830 - watchfiles.main - INFO - 1 change detected
2025-08-29 19:39:51,182 - watchfiles.main - INFO - 1 change detected
2025-08-29 19:39:51,533 - watchfiles.main - INFO - 1 change detected
2025-08-29 19:39:51,884 - watchfiles.main - INFO - 1 change detected
2025-08-29 19:39:52,235 - watchfiles.main - INFO - 1 change detected
2025-08-29 19:39:52,585 - watchfiles.main - INFO - 1 change detected
2025-08-29 19:39:52,936 - watchfiles.main - INFO - 1 change detected
2025-08-29 19:39:53,287 - watchfiles.main - INFO - 1 change detected
2025-08-29 19:39:53,638 - watchfiles.main - INFO - 1 change detected
2025-08-29 19:39:53,989 - watchfiles.main - INFO - 1 change detected
2025-08-29 19:39:54,340 - watchfiles.main - INFO - 1 change detected
2025-08-29 19:39:54,691 - watchfiles.main - INFO - 1 change detected
2025-08-29 19:39:55,042 - watchfiles.main - INFO - 1 change detected
2025-08-29 19:39:55,393 - watchfiles.main - INFO - 1 change detected
2025-08-29 19:39:55,744 - watchfiles.main - INFO - 1 change detected
2025-08-29 19:39:56,094 - watchfiles.main - INFO - 1 change detected
2025-08-29 19:39:56,445 - watchfiles.main - INFO - 1 change detected
2025-08-29 19:39:56,796 - watchfiles.main - INFO - 1 change detected
2025-08-29 19:39:57,147 - watchfiles.main - INFO - 1 change detected
2025-08-29 19:39:57,498 - watchfiles.main - INFO - 1 change detected
2025-08-29 19:39:57,849 - watchfiles.main - INFO - 1 change detected
2025-08-29 19:39:58,200 - watchfiles.main - INFO - 1 change detected
2025-08-29 19:39:58,551 - watchfiles.main - INFO - 1 change detected
2025-08-29 19:39:58,901 - watchfiles.main - INFO - 1 change detected
2025-08-29 19:39:59,252 - watchfiles.main - INFO - 1 change detected
2025-08-29 19:39:59,262 - main - ERROR - Failed to fetch Pi-hole summary: HTTPConnectionPool(host='192.168.1.100', port=80): Max retries exceeded with url: /admin/api.php?summary (Caused by ConnectTimeoutError(<urllib3.connection.HTTPConnection object at 0x7f68b3562a50>, 'Connection to 192.168.1.100 timed out. (connect timeout=10)'))
2025-08-29 19:39:59,603 - watchfiles.main - INFO - 1 change detected
2025-08-29 19:39:59,954 - watchfiles.main - INFO - 1 change detected
2025-08-29 19:40:00,305 - watchfiles.main - INFO - 1 change detected
2025-08-29 19:40:00,655 - watchfiles.main - INFO - 1 change detected
2025-08-29 19:40:01,006 - watchfiles.main - INFO - 1 change detected
2025-08-29 19:40:01,357 - watchfiles.main - INFO - 1 change detected
2025-08-29 19:40:01,708 - watchfiles.main - INFO - 1 change detected
2025-08-29 19:40:02,059 - watchfiles.main - INFO - 1 change detected
2025-08-29 19:40:02,410 - watchfiles.main - INFO - 1 change detected
2025-08-29 19:40:02,761 - watchfiles.main - INFO - 1 change detected
2025-08-29 19:40:03,111 - watchfiles.main - INFO - 1 change detected
2025-08-29 19:40:03,462 - watchfiles.main - INFO - 1 change detected
2025-08-29 19:40:03,813 - watchfiles.main - INFO - 1 change detected
2025-08-29 19:40:03,868 - main - INFO - Analyzed 4 domains, blocking 2
2025-08-29 19:40:04,164 - watchfiles.main - INFO - 4 changes detected
2025-08-29 19:40:04,515 - watchfiles.main - INFO - 1 change detected
2025-08-29 19:40:04,866 - watchfiles.main - INFO - 1 change detected
2025-08-29 19:40:05,217 - watchfiles.main - INFO - 1 change detected
2025-08-29 19:40:05,568 - watchfiles.main - INFO - 1 change detected
2025-08-29 19:40:05,919 - watchfiles.main - INFO - 1 change detected
2025-08-29 19:40:06,270 - watchfiles.main - INFO - 1 change detected
2025-08-29 19:40:06,620 - watchfiles.main - INFO - 1 change detected
2025-08-29 19:40:06,971 - watchfiles.main - INFO - 1 change detected
2025-08-29 19:40:07,322 - watchfiles.main - INFO - 1 change detected
2025-08-29 19:40:07,673 - watchfiles.main - INFO - 1 change detected
2025-08-29 19:40:08,024 - watchfiles.main - INFO - 1 change detected
2025-08-29 19:40:08,375 - watchfiles.main - INFO - 1 change detected
2025-08-29 19:40:08,726 - watchfiles.main - INFO - 1 change detected
2025-08-29 19:40:09,076 - watchfiles.main - INFO - 1 change detected
2025-08-29 19:40:09,427 - watchfiles.main - INFO - 1 change detected
2025-08-29 19:40:09,778 - watchfiles.main - INFO - 1 change detected
2025-08-29 19:40:10,129 - watchfiles.main - INFO - 1 change detected
2025-08-29 19:40:10,480 - watchfiles.main - INFO - 1 change detected
2025-08-29 19:40:10,830 - watchfiles.main - INFO - 1 change detected
2025-08-29 19:40:11,181 - watchfiles.main - INFO - 1 change detected
2025-08-29 19:40:11,532 - watchfiles.main - INFO - 1 change detected
2025-08-29 19:40:11,883 - watchfiles.main - INFO - 1 change detected
2025-08-29 19:40:12,233 - watchfiles.main - INFO - 1 change detected
2025-08-29 19:40:12,584 - watchfiles.main - INFO - 1 change detected
2025-08-29 19:40:12,935 - watchfiles.main - INFO - 1 change detected
2025-08-29 19:40:13,285 - watchfiles.main - INFO - 1 change detected
2025-08-29 19:40:13,636 - watchfiles.main - INFO - 1 change detected
2025-08-29 19:40:13,987 - watchfiles.main - INFO - 1 change detected
2025-08-29 19:40:14,338 - watchfiles.main - INFO - 1 change detected
2025-08-29 19:40:14,697 - watchfiles.main - INFO - 1 change detected
2025-08-29 19:40:15,048 - watchfiles.main - INFO - 1 change detected
2025-08-29 19:40:15,399 - watchfiles.main - INFO - 1 change detected
2025-08-29 19:40:15,750 - watchfiles.main - INFO - 1 change detected
2025-08-29 19:40:16,101 - watchfiles.main - INFO - 1 change detected
2025-08-29 19:40:16,451 - watchfiles.main - INFO - 1 change detected
2025-08-29 19:40:16,802 - watchfiles.main - INFO - 1 change detected
2025-08-29 19:40:17,153 - watchfiles.main - INFO - 1 change detected
2025-08-29 19:40:17,504 - watchfiles.main - INFO - 1 change detected
2025-08-29 19:40:17,855 - watchfiles.main - INFO - 1 change detected
2025-08-29 19:40:18,206 - watchfiles.main - INFO - 1 change detected
2025-08-29 19:40:18,556 - watchfiles.main - INFO - 1 change detected
2025-08-29 19:40:18,907 - watchfiles.main - INFO - 1 change detected
2025-08-29 19:40:19,258 - watchfiles.main - INFO - 1 change detected
2025-08-29 19:40:19,609 - watchfiles.main - INFO - 1 change detected
2025-08-29 19:40:19,960 - watchfiles.main - INFO - 1 change detected
2025-08-29 19:40:20,310 - watchfiles.main - INFO - 1 change detected
2025-08-29 19:40:20,661 - watchfiles.main - INFO - 1 change detected
2025-08-29 19:40:21,012 - watchfiles.main - INFO - 1 change detected
2025-08-29 19:40:21,363 - watchfiles.main - INFO - 1 change detected
2025-08-29 19:40:21,713 - watchfiles.main - INFO - 1 change detected
2025-08-29 19:40:22,064 - watchfiles.main - INFO - 1 change detected
2025-08-29 19:40:22,415 - watchfiles.main - INFO - 1 change detected
2025-08-29 19:40:22,766 - watchfiles.main - INFO - 1 change detected
2025-08-29 19:40:23,117 - watchfiles.main - INFO - 1 change detected
2025-08-29 19:40:23,468 - watchfiles.main - INFO - 1 change detected
2025-08-29 19:40:23,818 - watchfiles.main - INFO - 1 change detected
2025-08-29 19:40:24,169 - watchfiles.main - INFO - 1 change detected
2025-08-29 19:40:24,520 - watchfiles.main - INFO - 1 change detected
2025-08-29 19:40:24,871 - watchfiles.main - INFO - 1 change detected
2025-08-29 19:40:25,222 - watchfiles.main - INFO - 1 change detected
2025-08-29 19:40:25,572 - watchfiles.main - INFO - 1 change detected
2025-08-29 19:40:25,923 - watchfiles.main - INFO - 1 change detected
2025-08-29 19:40:26,274 - watchfiles.main - INFO - 1 change detected
2025-08-29 19:40:26,625 - watchfiles.main - INFO - 1 change detected
2025-08-29 19:40:26,976 - watchfiles.main - INFO - 1 change detected
2025-08-29 19:40:27,326 - watchfiles.main - INFO - 1 change detected
2025-08-29 19:40:27,677 - watchfiles.main - INFO - 1 change detected
2025-08-29 19:40:28,028 - watchfiles.main - INFO - 1 change detected
2025-08-29 19:40:28,379 - watchfiles.main - INFO - 1 change detected
2025-08-29 19:40:28,730 - watchfiles.main - INFO - 1 change detected
2025-08-29 19:40:29,081 - watchfiles.main - INFO - 1 change detected
2025-08-29 19:40:29,432 - watchfiles.main - INFO - 1 change detected
2025-08-29 19:40:29,782 - watchfiles.main - INFO - 1 change detected
2025-08-29 19:40:30,134 - watchfiles.main - INFO - 1 change detected
2025-08-29 19:40:30,484 - watchfiles.main - INFO - 1 change detected
2025-08-29 19:40:30,835 - watchfiles.main - INFO - 1 change detected
2025-08-29 19:40:31,186 - watchfiles.main - INFO - 1 change detected
2025-08-29 19:40:31,537 - watchfiles.main - INFO - 1 change detected
2025-08-29 19:40:31,888 - watchfiles.main - INFO - 1 change detected
2025-08-29 19:40:32,239 - watchfiles.main - INFO - 1 change detected
2025-08-29 19:40:32,589 - watchfiles.main - INFO - 1 change detected
2025-08-29 19:40:32,940 - watchfiles.main - INFO - 1 change detected
2025-08-29 19:40:33,291 - watchfiles.main - INFO - 1 change detected
2025-08-29 19:40:33,642 - watchfiles.main - INFO - 1 change detected
2025-08-29 19:40:33,993 - watchfiles.main - INFO - 1 change detected
2025-08-29 19:40:34,344 - watchfiles.main - INFO - 1 change detected
2025-08-29 19:40:34,694 - watchfiles.main - INFO - 1 change detected
2025-08-29 19:40:35,045 - watchfiles.main - INFO - 1 change detected
2025-08-29 19:40:35,396 - watchfiles.main - INFO - 1 change detected
2025-08-29 19:40:35,747 - watchfiles.main - INFO - 1 change detected
2025-08-29 19:40:36,097 - watchfiles.main - INFO - 1 change detected
2025-08-29 19:40:36,448 - watchfiles.main - INFO - 1 change detected
2025-08-29 19:40:36,799 - watchfiles.main - INFO - 1 change detected
2025-08-29 19:40:37,150 - watchfiles.main - INFO - 1 change detected
2025-08-29 19:40:37,500 - watchfiles.main - INFO - 1 change detected
2025-08-29 19:40:37,851 - watchfiles.main - INFO - 1 change detected
2025-08-29 19:40:38,202 - watchfiles.main - INFO - 1 change detected
2025-08-29 19:40:38,553 - watchfiles.main - INFO - 1 change detected
2025-08-29 19:40:38,904 - watchfiles.main - INFO - 1 change detected
2025-08-29 19:40:39,254 - watchfiles.main - INFO - 1 change detected
2025-08-29 19:40:39,605 - watchfiles.main - INFO - 1 change detected
2025-08-29 19:40:39,956 - watchfiles.main - INFO - 1 change detected
2025-08-29 19:40:40,307 - watchfiles.main - INFO - 1 change detected
2025-08-29 19:40:40,658 - watchfiles.main - INFO - 1 change detected
2025-08-29 19:40:41,009 - watchfiles.main - INFO - 1 change detected
2025-08-29 19:40:41,359 - watchfiles.main - INFO - 1 change detected
2025-08-29 19:40:41,710 - watchfiles.main - INFO - 1 change detected
2025-08-29 19:40:42,061 - watchfiles.main - INFO - 1 change detected
2025-08-29 19:40:42,412 - watchfiles.main - INFO - 1 change detected
2025-08-29 19:40:42,763 - watchfiles.main - INFO - 1 change detected
2025-08-29 19:40:43,114 - watchfiles.main - INFO - 1 change detected
2025-08-29 19:40:43,465 - watchfiles.main - INFO - 1 change detected
2025-08-29 19:40:43,816 - watchfiles.main - INFO - 1 change detected
2025-08-29 19:40:44,166 - watchfiles.main - INFO - 1 change detected
2025-08-29 19:40:44,517 - watchfiles.main - INFO - 1 change detected
2025-08-29 19:40:44,868 - watchfiles.main - INFO - 1 change detected
2025-08-29 19:40:45,219 - watchfiles.main - INFO - 1 change detected
2025-08-29 19:40:45,570 - watchfiles.main - INFO - 1 change detected
2025-08-29 19:40:45,921 - watchfiles.main - INFO - 1 change detected
2025-08-29 19:40:46,272 - watchfiles.main - INFO - 1 change detected
2025-08-29 19:40:46,623 - watchfiles.main - INFO - 1 change detected
2025-08-29 19:40:46,973 - watchfiles.main - INFO - 1 change detected
2025-08-29 19:40:47,324 - watchfiles.main - INFO - 1 change detected
2025-08-29 19:40:47,675 - watchfiles.main - INFO - 1 change detected
2025-08-29 19:40:47,942 - main - ERROR - Failed to fetch Pi-hole summary: HTTPConnectionPool(host='192.168.1.100', port=80): Max retries exceeded with url: /admin/api.php?summary (Caused by ConnectTimeoutError(<urllib3.connection.HTTPConnection object at 0x7f68b3551f90>, 'Connection to 192.168.1.100 timed out. (connect timeout=10)'))
2025-08-29 19:40:48,026 - watchfiles.main - INFO - 1 change detected
2025-08-29 19:40:48,377 - watchfiles.main - INFO - 1 change detected
2025-08-29 19:40:48,728 - watchfiles.main - INFO - 1 change detected
2025-08-29 19:40:49,079 - watchfiles.main - INFO - 1 change detected
2025-08-29 19:40:49,429 - watchfiles.main - INFO - 1 change detected
2025-08-29 19:40:49,780 - watchfiles.main - INFO - 1 change detected
2025-08-29 19:40:50,131 - watchfiles.main - INFO - 1 change detected
2025-08-29 19:40:50,482 - watchfiles.main - INFO - 1 change detected
2025-08-29 19:40:50,833 - watchfiles.main - INFO - 1 change detected
2025-08-29 19:40:51,184 - watchfiles.main - INFO - 1 change detected
2025-08-29 19:40:51,534 - watchfiles.main - INFO - 1 change detected
2025-08-29 19:40:51,885 - watchfiles.main - INFO - 1 change detected
2025-08-29 19:40:52,236 - watchfiles.main - INFO - 1 change detected
2025-08-29 19:40:52,586 - watchfiles.main - INFO - 1 change detected
2025-08-29 19:40:52,937 - watchfiles.main - INFO - 1 change detected
2025-08-29 19:40:53,288 - watchfiles.main - INFO - 1 change detected
2025-08-29 19:40:53,639 - watchfiles.main - INFO - 1 change detected
2025-08-29 19:40:53,990 - watchfiles.main - INFO - 1 change detected
2025-08-29 19:40:54,341 - watchfiles.main - INFO - 1 change detected
2025-08-29 19:40:54,691 - watchfiles.main - INFO - 1 change detected
2025-08-29 19:40:55,042 - watchfiles.main - INFO - 1 change detected
2025-08-29 19:40:55,393 - watchfiles.main - INFO - 2 changes detected
2025-08-29 19:40:55,744 - watchfiles.main - INFO - 1 change detected
2025-08-29 19:40:56,095 - watchfiles.main - INFO - 1 change detected
2025-08-29 19:40:56,446 - watchfiles.main - INFO - 1 change detected
2025-08-29 19:40:56,797 - watchfiles.main - INFO - 1 change detected
2025-08-29 19:40:57,148 - watchfiles.main - INFO - 1 change detected
2025-08-29 19:40:57,498 - watchfiles.main - INFO - 1 change detected
2025-08-29 19:40:57,849 - watchfiles.main - INFO - 1 change detected
2025-08-29 19:40:58,200 - watchfiles.main - INFO - 1 change detected
2025-08-29 19:40:58,550 - watchfiles.main - INFO - 1 change detected
2025-08-29 19:40:58,901 - watchfiles.main - INFO - 1 change detected
2025-08-29 19:40:59,252 - watchfiles.main - INFO - 1 change detected
2025-08-29 19:40:59,602 - watchfiles.main - INFO - 1 change detected
2025-08-29 19:40:59,953 - watchfiles.main - INFO - 1 change detected
2025-08-29 19:41:00,304 - watchfiles.main - INFO - 1 change detected
2025-08-29 19:41:00,655 - watchfiles.main - INFO - 1 change detected
2025-08-29 19:41:01,005 - watchfiles.main - INFO - 1 change detected
2025-08-29 19:41:01,356 - watchfiles.main - INFO - 1 change detected
2025-08-29 19:41:01,707 - watchfiles.main - INFO - 1 change detected
2025-08-29 19:41:02,058 - watchfiles.main - INFO - 1 change detected
2025-08-29 19:41:02,408 - watchfiles.main - INFO - 1 change detected
2025-08-29 19:41:02,759 - watchfiles.main - INFO - 1 change detected
2025-08-29 19:41:03,110 - watchfiles.main - INFO - 1 change detected
2025-08-29 19:41:03,461 - watchfiles.main - INFO - 1 change detected
2025-08-29 19:41:03,811 - watchfiles.main - INFO - 1 change detected
2025-08-29 19:41:04,162 - watchfiles.main - INFO - 1 change detected
2025-08-29 19:41:04,513 - watchfiles.main - INFO - 1 change detected
2025-08-29 19:41:04,864 - watchfiles.main - INFO - 1 change detected
2025-08-29 19:41:05,184 - main - ERROR - Failed to add test-ads.example.com to Pi-hole blocklist: HTTPConnectionPool(host='192.168.1.100', port=80): Max retries exceeded with url: /admin/api.php?list=black&add=test-ads.example.com&auth= (Caused by ConnectTimeoutError(<urllib3.connection.HTTPConnection object at 0x7f68b3537150>, 'Connection to 192.168.1.100 timed out. (connect timeout=10)'))
2025-08-29 19:41:05,265 - watchfiles.main - INFO - 4 changes detected
2025-08-29 19:41:05,615 - watchfiles.main - INFO - 1 change detected
2025-08-29 19:41:05,966 - watchfiles.main - INFO - 1 change detected
2025-08-29 19:41:06,317 - watchfiles.main - INFO - 1 change detected
2025-08-29 19:41:06,667 - watchfiles.main - INFO - 1 change detected
2025-08-29 19:41:07,018 - watchfiles.main - INFO - 1 change detected
2025-08-29 19:41:07,371 - watchfiles.main - INFO - 1 change detected
2025-08-29 19:41:07,722 - watchfiles.main - INFO - 1 change detected
2025-08-29 19:41:08,073 - watchfiles.main - INFO - 1 change detected
2025-08-29 19:41:08,424 - watchfiles.main - INFO - 1 change detected
2025-08-29 19:41:08,775 - watchfiles.main - INFO - 1 change detected
2025-08-29 19:41:09,126 - watchfiles.main - INFO - 1 change detected
2025-08-29 19:41:09,477 - watchfiles.main - INFO - 1 change detected
2025-08-29 19:41:09,827 - watchfiles.main - INFO - 1 change detected
2025-08-29 19:41:10,178 - watchfiles.main - INFO - 1 change detected
2025-08-29 19:41:10,529 - watchfiles.main - INFO - 1 change detected
2025-08-29 19:41:10,880 - watchfiles.main - INFO - 1 change detected
2025-08-29 19:41:11,231 - watchfiles.main - INFO - 1 change detected
2025-08-29 19:41:11,582 - watchfiles.main - INFO - 1 change detected
2025-08-29 19:41:11,933 - watchfiles.main - INFO - 1 change detected
2025-08-29 19:41:12,284 - watchfiles.main - INFO - 1 change detected
2025-08-29 19:41:12,635 - watchfiles.main - INFO - 1 change detected
2025-08-29 19:41:12,986 - watchfiles.main - INFO - 1 change detected
2025-08-29 19:41:13,337 - watchfiles.main - INFO - 1 change detected
2025-08-29 19:41:13,688 - watchfiles.main - INFO - 1 change detected
2025-08-29 19:41:14,038 - watchfiles.main - INFO - 1 change detected
2025-08-29 19:41:14,389 - watchfiles.main - INFO - 1 change detected
2025-08-29 19:41:14,740 - watchfiles.main - INFO - 1 change detected
2025-08-29 19:41:15,091 - watchfiles.main - INFO - 1 change detected
2025-08-29 19:41:15,442 - watchfiles.main - INFO - 1 change detected
2025-08-29 19:41:15,793 - watchfiles.main - INFO - 1 change detected
2025-08-29 19:41:16,144 - watchfiles.main - INFO - 1 change detected
2025-08-29 19:41:16,495 - watchfiles.main - INFO - 1 change detected
2025-08-29 19:41:16,846 - watchfiles.main - INFO - 1 change detected
2025-08-29 19:41:17,197 - watchfiles.main - INFO - 1 change detected
2025-08-29 19:41:17,548 - watchfiles.main - INFO - 1 change detected
2025-08-29 19:41:17,899 - watchfiles.main - INFO - 1 change detected
2025-08-29 19:41:17,945 - main - ERROR - Failed to fetch Pi-hole summary: HTTPConnectionPool(host='192.168.1.100', port=80): Max retries exceeded with url: /admin/api.php?summary (Caused by ConnectTimeoutError(<urllib3.connection.HTTPConnection object at 0x7f68b3535210>, 'Connection to 192.168.1.100 timed out. (connect timeout=10)'))
2025-08-29 19:41:18,250 - watchfiles.main - INFO - 1 change detected
2025-08-29 19:41:18,600 - watchfiles.main - INFO - 1 change detected
2025-08-29 19:41:18,951 - watchfiles.main - INFO - 1 change detected
2025-08-29 19:41:19,302 - watchfiles.main - INFO - 1 change detected
2025-08-29 19:41:19,653 - watchfiles.main - INFO - 1 change detected
2025-08-29 19:41:20,004 - watchfiles.main - INFO - 1 change detected
2025-08-29 19:41:20,355 - watchfiles.main - INFO - 1 change detected
2025-08-29 19:41:20,706 - watchfiles.main - INFO - 1 change detected
2025-08-29 19:41:21,057 - watchfiles.main - INFO - 1 change detected
2025-08-29 19:41:21,408 - watchfiles.main - INFO - 1 change detected
2025-08-29 19:41:21,758 - watchfiles.main - INFO - 1 change detected
2025-08-29 19:41:22,109 - watchfiles.main - INFO - 1 change detected
2025-08-29 19:41:22,460 - watchfiles.main - INFO - 1 change detected
2025-08-29 19:41:22,811 - watchfiles.main - INFO - 1 change detected
2025-08-29 19:41:23,162 - watchfiles.main - INFO - 1 change detected
2025-08-29 19:41:23,513 - watchfiles.main - INFO - 1 change detected
2025-08-29 19:41:23,864 - watchfiles.main - INFO - 1 change detected
2025-08-29 19:41:24,215 - watchfiles.main - INFO - 1 change detected
2025-08-29 19:41:24,565 - watchfiles.main - INFO - 1 change detected
2025-08-29 19:41:24,916 - watchfiles.main - INFO - 1 change detected
2025-08-29 19:41:25,267 - watchfiles.main - INFO - 1 change detected
2025-08-29 19:41:25,618 - watchfiles.main - INFO - 1 change detected
2025-08-29 19:41:25,969 - watchfiles.main - INFO - 1 change detected
2025-08-29 19:41:26,319 - watchfiles.main - INFO - 1 change detected
2025-08-29 19:41:26,670 - watchfiles.main - INFO - 1 change detected
2025-08-29 19:41:27,021 - watchfiles.main - INFO - 1 change detected
2025-08-29 19:41:27,372 - watchfiles.main - INFO - 1 change detected
2025-08-29 19:41:27,722 - watchfiles.main - INFO - 1 change detected
2025-08-29 19:41:28,073 - watchfiles.main - INFO - 1 change detected
2025-08-29 19:41:28,424 - watchfiles.main - INFO - 1 change detected
2025-08-29 19:41:28,775 - watchfiles.main - INFO - 1 change detected
2025-08-29 19:41:29,125 - watchfiles.main - INFO - 1 change detected
2025-08-29 19:41:29,476 - watchfiles.main - INFO - 1 change detected
2025-08-29 19:41:29,827 - watchfiles.main - INFO - 1 change detected
2025-08-29 19:41:30,178 - watchfiles.main - INFO - 1 change detected
2025-08-29 19:41:30,529 - watchfiles.main - INFO - 1 change detected
2025-08-29 19:41:30,879 - watchfiles.main - INFO - 1 change detected
2025-08-29 19:41:31,230 - watchfiles.main - INFO - 1 change detected
2025-08-29 19:41:31,580 - watchfiles.main - INFO - 1 change detected
2025-08-29 19:41:31,931 - watchfiles.main - INFO - 1 change detected
2025-08-29 19:41:32,282 - watchfiles.main - INFO - 1 change detected
2025-08-29 19:41:32,632 - watchfiles.main - INFO - 1 change detected
2025-08-29 19:41:32,983 - watchfiles.main - INFO - 1 change detected
2025-08-29 19:41:33,333 - watchfiles.main - INFO - 1 change detected
2025-08-29 19:41:33,684 - watchfiles.main - INFO - 1 change detected
2025-08-29 19:41:34,035 - watchfiles.main - INFO - 1 change detected
2025-08-29 19:41:34,385 - watchfiles.main - INFO - 1 change detected
2025-08-29 19:41:34,736 - watchfiles.main - INFO - 1 change detected
2025-08-29 19:41:35,087 - watchfiles.main - INFO - 1 change detected
2025-08-29 19:41:35,438 - watchfiles.main - INFO - 1 change detected
2025-08-29 19:41:35,788 - watchfiles.main - INFO - 1 change detected
2025-08-29 19:41:36,139 - watchfiles.main - INFO - 1 change detected
2025-08-29 19:41:36,490 - watchfiles.main - INFO - 1 change detected
2025-08-29 19:41:36,840 - watchfiles.main - INFO - 1 change detected
2025-08-29 19:41:37,191 - watchfiles.main - INFO - 1 change detected
2025-08-29 19:41:37,542 - watchfiles.main - INFO - 1 change detected
2025-08-29 19:41:37,893 - watchfiles.main - INFO - 1 change detected
2025-08-29 19:41:38,243 - watchfiles.main - INFO - 1 change detected
2025-08-29 19:41:38,594 - watchfiles.main - INFO - 1 change detected
2025-08-29 19:41:38,945 - watchfiles.main - INFO - 1 change detected
2025-08-29 19:41:39,296 - watchfiles.main - INFO - 1 change detected
2025-08-29 19:41:39,646 - watchfiles.main - INFO - 1 change detected
2025-08-29 19:41:39,997 - watchfiles.main - INFO - 1 change detected
2025-08-29 19:41:40,348 - watchfiles.main - INFO - 1 change detected
2025-08-29 19:41:40,699 - watchfiles.main - INFO - 1 change detected
2025-08-29 19:41:41,050 - watchfiles.main - INFO - 1 change detected
2025-08-29 19:41:41,400 - watchfiles.main - INFO - 1 change detected
2025-08-29 19:41:41,751 - watchfiles.main - INFO - 1 change detected
2025-08-29 19:41:42,102 - watchfiles.main - INFO - 1 change detected
2025-08-29 19:41:42,453 - watchfiles.main - INFO - 1 change detected
2025-08-29 19:41:42,804 - watchfiles.main - INFO - 1 change detected
2025-08-29 19:41:43,154 - watchfiles.main - INFO - 1 change detected
2025-08-29 19:41:43,505 - watchfiles.main - INFO - 1 change detected
2025-08-29 19:41:43,856 - watchfiles.main - INFO - 1 change detected
2025-08-29 19:41:44,206 - watchfiles.main - INFO - 1 change detected
2025-08-29 19:41:44,557 - watchfiles.main - INFO - 1 change detected
2025-08-31 16:59:06,429 - __main__ - INFO - ML model loaded successfully
2025-08-31 16:59:08,172 - __mp_main__ - INFO - ML model loaded successfully
2025-08-31 16:59:08,252 - watchfiles.main - INFO - 1 change detected
2025-08-31 16:59:08,301 - main - INFO - ML model loaded successfully
2025-08-31 16:59:08,603 - watchfiles.main - INFO - 4 changes detected
2025-08-31 16:59:08,954 - watchfiles.main - INFO - 1 change detected
2025-08-31 16:59:09,305 - watchfiles.main - INFO - 1 change detected
2025-08-31 16:59:09,656 - watchfiles.main - INFO - 1 change detected
2025-08-31 16:59:10,007 - watchfiles.main - INFO - 1 change detected
2025-08-31 16:59:10,363 - watchfiles.main - INFO - 1 change detected
2025-08-31 16:59:10,737 - watchfiles.main - INFO - 1 change detected
2025-08-31 16:59:11,094 - watchfiles.main - INFO - 1 change detected
2025-08-31 16:59:11,445 - watchfiles.main - INFO - 1 change detected
2025-08-31 16:59:11,796 - watchfiles.main - INFO - 1 change detected
2025-08-31 16:59:12,147 - watchfiles.main - INFO - 1 change detected
2025-08-31 16:59:12,498 - watchfiles.main - INFO - 1 change detected
2025-08-31 16:59:12,849 - watchfiles.main - INFO - 1 change detected
2025-08-31 16:59:13,200 - watchfiles.main - INFO - 1 change detected
2025-08-31 16:59:13,551 - watchfiles.main - INFO - 1 change detected
2025-08-31 16:59:13,902 - watchfiles.main - INFO - 1 change detected
2025-08-31 16:59:14,255 - watchfiles.main - INFO - 1 change detected
2025-08-31 16:59:14,606 - watchfiles.main - INFO - 1 change detected
2025-08-31 16:59:14,958 - watchfiles.main - INFO - 1 change detected
2025-08-31 16:59:15,312 - watchfiles.main - INFO - 1 change detected
2025-08-31 16:59:15,664 - watchfiles.main - INFO - 1 change detected
2025-08-31 16:59:16,014 - main - INFO - Analyzed 3 domains, suggesting block for 1
2025-08-31 16:59:16,065 - watchfiles.main - INFO - 4 changes detected
2025-08-31 16:59:16,416 - watchfiles.main - INFO - 1 change detected
2025-08-31 16:59:16,767 - watchfiles.main - INFO - 1 change detected
2025-08-31 16:59:17,118 - watchfiles.main - INFO - 1 change detected
2025-08-31 16:59:17,469 - watchfiles.main - INFO - 1 change detected
2025-08-31 16:59:17,820 - watchfiles.main - INFO - 1 change detected
2025-08-31 16:59:18,171 - watchfiles.main - INFO - 1 change detected
2025-08-31 16:59:18,523 - watchfiles.main - INFO - 1 change detected
2025-08-31 16:59:18,874 - watchfiles.main - INFO - 1 change detected
2025-08-31 16:59:19,225 - watchfiles.main - INFO - 1 change detected
2025-08-31 16:59:19,576 - watchfiles.main - INFO - 1 change detected
2025-08-31 16:59:19,928 - watchfiles.main - INFO - 1 change detected
2025-08-31 16:59:20,279 - watchfiles.main - INFO - 1 change detected
2025-08-31 16:59:20,630 - watchfiles.main - INFO - 1 change detected
2025-08-31 16:59:20,981 - watchfiles.main - INFO - 1 change detected
2025-08-31 16:59:21,332 - watchfiles.main - INFO - 1 change detected
2025-08-31 16:59:21,684 - watchfiles.main - INFO - 1 change detected
2025-08-31 16:59:22,035 - watchfiles.main - INFO - 1 change detected
2025-08-31 16:59:22,386 - watchfiles.main - INFO - 1 change detected
2025-08-31 16:59:22,737 - watchfiles.main - INFO - 1 change detected
2025-08-31 16:59:23,088 - watchfiles.main - INFO - 1 change detected
2025-08-31 16:59:23,439 - watchfiles.main - INFO - 1 change detected
2025-08-31 16:59:23,791 - watchfiles.main - INFO - 1 change detected
2025-08-31 16:59:24,142 - watchfiles.main - INFO - 1 change detected
2025-08-31 16:59:24,493 - watchfiles.main - INFO - 1 change detected
2025-08-31 16:59:24,844 - watchfiles.main - INFO - 1 change detected
2025-08-31 16:59:25,195 - watchfiles.main - INFO - 1 change detected
2025-08-31 16:59:25,546 - watchfiles.main - INFO - 1 change detected
2025-08-31 16:59:25,897 - watchfiles.main - INFO - 1 change detected
2025-08-31 16:59:26,248 - watchfiles.main - INFO - 1 change detected
2025-08-31 16:59:26,599 - watchfiles.main - INFO - 1 change detected
2025-08-31 16:59:26,950 - watchfiles.main - INFO - 1 change detected
2025-08-31 16:59:27,301 - watchfiles.main - INFO - 1 change detected
2025-08-31 16:59:27,652 - watchfiles.main - INFO - 1 change detected
2025-08-31 16:59:28,003 - watchfiles.main - INFO - 1 change detected
2025-08-31 16:59:28,354 - watchfiles.main - INFO - 1 change detected
2025-08-31 16:59:28,705 - watchfiles.main - INFO - 1 change detected
2025-08-31 16:59:29,056 - watchfiles.main - INFO - 1 change detected
2025-08-31 16:59:29,407 - watchfiles.main - INFO - 1 change detected
2025-08-31 16:59:29,758 - watchfiles.main - INFO - 1 change detected
2025-08-31 16:59:30,109 - watchfiles.main - INFO - 1 change detected
2025-08-31 16:59:30,460 - watchfiles.main - INFO - 1 change detected
2025-08-31 16:59:30,811 - watchfiles.main - INFO - 1 change detected
2025-08-31 16:59:31,162 - watchfiles.main - INFO - 1 change detected
2025-08-31 16:59:31,513 - watchfiles.main - INFO - 1 change detected
2025-08-31 16:59:31,864 - watchfiles.main - INFO - 1 change detected
2025-08-31 16:59:32,215 - watchfiles.main - INFO - 1 change detected
2025-08-31 16:59:32,566 - watchfiles.main - INFO - 1 change detected
2025-08-31 16:59:32,917 - watchfiles.main - INFO - 1 change detected
2025-08-31 16:59:33,268 - watchfiles.main - INFO - 1 change detected
2025-08-31 16:59:33,619 - watchfiles.main - INFO - 1 change detected
2025-08-31 16:59:33,970 - watchfiles.main - INFO - 1 change detected
2025-08-31 16:59:34,321 - watchfiles.main - INFO - 1 change detected
2025-08-31 16:59:34,672 - watchfiles.main - INFO - 1 change detected
2025-08-31 16:59:35,023 - watchfiles.main - INFO - 1 change detected
2025-08-31 16:59:35,374 - watchfiles.main - INFO - 1 change detected
2025-08-31 16:59:35,725 - watchfiles.main - INFO - 1 change detected
2025-08-31 16:59:36,076 - watchfiles.main - INFO - 1 change detected
2025-08-31 16:59:36,427 - watchfiles.main - INFO - 1 change detected
2025-08-31 16:59:36,778 - watchfiles.main - INFO - 1 change detected
2025-08-31 16:59:37,129 - watchfiles.main - INFO - 1 change detected
2025-08-31 16:59:37,480 - watchfiles.main - INFO - 1 change detected
2025-08-31 16:59:37,831 - watchfiles.main - INFO - 1 change detected
2025-08-31 16:59:38,182 - watchfiles.main - INFO - 1 change detected
2025-08-31 16:59:38,533 - watchfiles.main - INFO - 1 change detected
2025-08-31 16:59:38,885 - watchfiles.main - INFO - 1 change detected
2025-08-31 16:59:39,236 - watchfiles.main - INFO - 1 change detected
2025-08-31 16:59:39,586 - watchfiles.main - INFO - 1 change detected
2025-08-31 16:59:39,937 - watchfiles.main - INFO - 1 change detected
2025-08-31 16:59:40,288 - watchfiles.main - INFO - 1 change detected
2025-08-31 16:59:40,639 - watchfiles.main - INFO - 1 change detected
2025-08-31 16:59:40,990 - watchfiles.main - INFO - 1 change detected
2025-08-31 16:59:41,341 - watchfiles.main - INFO - 1 change detected
2025-08-31 16:59:41,692 - watchfiles.main - INFO - 1 change detected
2025-08-31 16:59:42,043 - watchfiles.main - INFO - 1 change detected
2025-08-31 16:59:42,394 - watchfiles.main - INFO - 1 change detected
2025-08-31 16:59:42,745 - watchfiles.main - INFO - 1 change detected
2025-08-31 16:59:43,096 - watchfiles.main - INFO - 1 change detected
2025-08-31 16:59:43,447 - watchfiles.main - INFO - 1 change detected
2025-08-31 16:59:43,798 - watchfiles.main - INFO - 1 change detected
2025-08-31 16:59:44,149 - watchfiles.main - INFO - 1 change detected
2025-08-31 16:59:44,500 - watchfiles.main - INFO - 1 change detected
2025-08-31 16:59:44,851 - watchfiles.main - INFO - 1 change detected
2025-08-31 16:59:45,202 - watchfiles.main - INFO - 1 change detected
2025-08-31 16:59:45,554 - watchfiles.main - INFO - 1 change detected
2025-08-31 16:59:45,905 - watchfiles.main - INFO - 1 change detected
2025-08-31 16:59:46,256 - watchfiles.main - INFO - 1 change detected
2025-08-31 16:59:46,607 - watchfiles.main - INFO - 1 change detected
2025-08-31 16:59:46,958 - watchfiles.main - INFO - 1 change detected
2025-08-31 16:59:47,309 - watchfiles.main - INFO - 1 change detected
2025-08-31 16:59:47,660 - watchfiles.main - INFO - 1 change detected
2025-08-31 16:59:48,014 - watchfiles.main - INFO - 1 change detected
2025-08-31 16:59:48,384 - watchfiles.main - INFO - 1 change detected
2025-08-31 16:59:48,735 - watchfiles.main - INFO - 1 change detected
2025-08-31 16:59:49,086 - watchfiles.main - INFO - 1 change detected
2025-08-31 16:59:49,437 - watchfiles.main - INFO - 1 change detected
2025-08-31 16:59:49,788 - watchfiles.main - INFO - 1 change detected
2025-08-31 16:59:50,139 - watchfiles.main - INFO - 1 change detected
2025-08-31 16:59:50,489 - watchfiles.main - INFO - 1 change detected
2025-08-31 16:59:50,840 - watchfiles.main - INFO - 1 change detected
2025-08-31 16:59:51,192 - watchfiles.main - INFO - 1 change detected
2025-08-31 16:59:51,543 - watchfiles.main - INFO - 1 change detected
2025-08-31 16:59:51,894 - watchfiles.main - INFO - 1 change detected
2025-08-31 16:59:52,245 - watchfiles.main - INFO - 1 change detected
2025-08-31 16:59:52,596 - watchfiles.main - INFO - 1 change detected
2025-08-31 16:59:52,947 - watchfiles.main - INFO - 1 change detected
2025-08-31 16:59:53,299 - watchfiles.main - INFO - 1 change detected
2025-08-31 16:59:53,650 - watchfiles.main - INFO - 1 change detected
2025-08-31 16:59:54,001 - watchfiles.main - INFO - 1 change detected
2025-08-31 16:59:54,352 - watchfiles.main - INFO - 1 change detected
2025-08-31 16:59:54,703 - watchfiles.main - INFO - 1 change detected
2025-08-31 16:59:55,054 - watchfiles.main - INFO - 1 change detected
2025-08-31 16:59:55,405 - watchfiles.main - INFO - 1 change detected
2025-08-31 16:59:55,756 - watchfiles.main - INFO - 1 change detected
2025-08-31 16:59:56,107 - watchfiles.main - INFO - 1 change detected
2025-08-31 16:59:56,458 - watchfiles.main - INFO - 1 change detected
2025-08-31 16:59:56,810 - watchfiles.main - INFO - 1 change detected
2025-08-31 16:59:57,161 - watchfiles.main - INFO - 1 change detected
2025-08-31 16:59:57,512 - watchfiles.main - INFO - 1 change detected
2025-08-31 16:59:57,863 - watchfiles.main - INFO - 1 change detected
2025-08-31 16:59:58,214 - watchfiles.main - INFO - 1 change detected
2025-08-31 16:59:58,565 - watchfiles.main - INFO - 1 change detected
2025-08-31 16:59:58,916 - watchfiles.main - INFO - 1 change detected
2025-08-31 16:59:59,267 - watchfiles.main - INFO - 1 change detected
2025-08-31 16:59:59,618 - watchfiles.main - INFO - 1 change detected
2025-08-31 16:59:59,969 - watchfiles.main - INFO - 1 change detected
2025-08-31 17:00:00,320 - watchfiles.main - INFO - 1 change detected
2025-08-31 17:00:00,671 - watchfiles.main - INFO - 1 change detected
2025-08-31 17:00:01,022 - watchfiles.main - INFO - 1 change detected
2025-08-31 17:00:01,373 - watchfiles.main - INFO - 1 change detected
2025-08-31 17:00:01,724 - watchfiles.main - INFO - 1 change detected
2025-08-31 17:00:02,075 - watchfiles.main - INFO - 1 change detected
2025-08-31 17:00:02,426 - watchfiles.main - INFO - 1 change detected
2025-08-31 17:00:02,777 - watchfiles.main - INFO - 1 change detected
2025-08-31 17:00:03,128 - watchfiles.main - INFO - 1 change detected
2025-08-31 17:00:03,479 - watchfiles.main - INFO - 1 change detected
2025-08-31 17:00:03,830 - watchfiles.main - INFO - 1 change detected
2025-08-31 17:00:04,181 - watchfiles.main - INFO - 1 change detected
2025-08-31 17:00:04,532 - watchfiles.main - INFO - 1 change detected
2025-08-31 17:00:04,883 - watchfiles.main - INFO - 1 change detected
2025-08-31 17:00:05,234 - watchfiles.main - INFO - 1 change detected
2025-08-31 17:00:05,585 - watchfiles.main - INFO - 1 change detected
2025-08-31 17:00:05,937 - watchfiles.main - INFO - 1 change detected
2025-08-31 17:00:06,288 - watchfiles.main - INFO - 1 change detected
2025-08-31 17:00:06,639 - watchfiles.main - INFO - 1 change detected
2025-08-31 17:00:06,990 - watchfiles.main - INFO - 1 change detected
2025-08-31 17:00:07,341 - watchfiles.main - INFO - 1 change detected
2025-08-31 17:00:07,692 - watchfiles.main - INFO - 1 change detected
2025-08-31 17:00:08,043 - watchfiles.main - INFO - 1 change detected
2025-08-31 17:00:08,394 - watchfiles.main - INFO - 1 change detected
2025-08-31 17:00:08,745 - watchfiles.main - INFO - 1 change detected
2025-08-31 17:00:09,096 - watchfiles.main - INFO - 1 change detected
2025-08-31 17:00:09,447 - watchfiles.main - INFO - 1 change detected
2025-08-31 17:00:09,798 - watchfiles.main - INFO - 1 change detected
2025-08-31 17:00:10,150 - watchfiles.main - INFO - 1 change detected
2025-08-31 17:00:10,501 - watchfiles.main - INFO - 1 change detected
2025-08-31 17:00:10,852 - watchfiles.main - INFO - 1 change detected
2025-08-31 17:00:11,203 - watchfiles.main - INFO - 1 change detected
2025-08-31 17:00:11,554 - watchfiles.main - INFO - 1 change detected
2025-08-31 17:00:11,905 - watchfiles.main - INFO - 1 change detected
2025-08-31 17:00:12,257 - watchfiles.main - INFO - 1 change detected
2025-08-31 17:00:12,608 - watchfiles.main - INFO - 1 change detected
2025-08-31 17:00:12,959 - watchfiles.main - INFO - 1 change detected
2025-08-31 17:00:13,310 - watchfiles.main - INFO - 1 change detected
2025-08-31 17:00:13,661 - watchfiles.main - INFO - 1 change detected
2025-08-31 17:00:14,012 - watchfiles.main - INFO - 1 change detected
2025-08-31 17:00:14,363 - watchfiles.main - INFO - 1 change detected
2025-08-31 17:00:14,715 - watchfiles.main - INFO - 1 change detected
2025-08-31 17:00:15,066 - watchfiles.main - INFO - 1 change detected
2025-08-31 17:00:15,417 - watchfiles.main - INFO - 1 change detected
2025-08-31 17:00:15,768 - watchfiles.main - INFO - 1 change detected
2025-08-31 17:00:16,119 - watchfiles.main - INFO - 1 change detected
2025-08-31 17:00:16,470 - watchfiles.main - INFO - 1 change detected
2025-08-31 17:00:16,821 - watchfiles.main - INFO - 1 change detected
2025-08-31 17:00:17,172 - watchfiles.main - INFO - 1 change detected
2025-08-31 17:00:17,523 - watchfiles.main - INFO - 1 change detected
2025-08-31 17:00:17,875 - watchfiles.main - INFO - 1 change detected
2025-08-31 17:00:18,226 - watchfiles.main - INFO - 1 change detected
2025-08-31 17:00:18,578 - watchfiles.main - INFO - 1 change detected
2025-08-31 17:00:18,929 - watchfiles.main - INFO - 1 change detected
2025-08-31 17:00:19,280 - watchfiles.main - INFO - 1 change detected
2025-08-31 17:00:19,631 - watchfiles.main - INFO - 1 change detected
2025-08-31 17:00:19,982 - watchfiles.main - INFO - 1 change detected
2025-08-31 17:00:20,334 - watchfiles.main - INFO - 1 change detected
2025-08-31 17:00:20,685 - watchfiles.main - INFO - 1 change detected
2025-08-31 17:00:21,036 - watchfiles.main - INFO - 1 change detected
2025-08-31 17:00:21,387 - watchfiles.main - INFO - 1 change detected
2025-08-31 17:00:21,739 - watchfiles.main - INFO - 1 change detected
2025-08-31 17:00:22,090 - watchfiles.main - INFO - 1 change detected
2025-08-31 17:00:22,441 - watchfiles.main - INFO - 1 change detected
2025-08-31 17:00:22,792 - watchfiles.main - INFO - 1 change detected
2025-08-31 17:00:23,143 - watchfiles.main - INFO - 1 change detected
2025-08-31 17:00:23,498 - watchfiles.main - INFO - 1 change detected
2025-08-31 17:00:23,849 - watchfiles.main - INFO - 1 change detected
2025-08-31 17:00:24,200 - watchfiles.main - INFO - 1 change detected
2025-08-31 17:00:24,552 - watchfiles.main - INFO - 1 change detected
2025-08-31 17:00:24,903 - watchfiles.main - INFO - 1 change detected
2025-08-31 17:00:25,254 - watchfiles.main - INFO - 1 change detected
2025-08-31 17:00:25,605 - watchfiles.main - INFO - 1 change detected
2025-08-31 17:00:25,956 - watchfiles.main - INFO - 1 change detected
2025-08-31 17:00:26,307 - watchfiles.main - INFO - 1 change detected
2025-08-31 17:00:26,658 - watchfiles.main - INFO - 1 change detected
2025-08-31 17:00:27,009 - watchfiles.main - INFO - 1 change detected
2025-08-31 17:00:27,360 - watchfiles.main - INFO - 1 change detected
2025-08-31 17:00:27,712 - watchfiles.main - INFO - 1 change detected
2025-08-31 17:00:28,063 - watchfiles.main - INFO - 1 change detected
2025-08-31 17:00:28,414 - watchfiles.main - INFO - 1 change detected
2025-08-31 17:00:28,765 - watchfiles.main - INFO - 1 change detected
2025-08-31 17:00:29,116 - watchfiles.main - INFO - 1 change detected
2025-08-31 17:00:29,467 - watchfiles.main - INFO - 1 change detected
2025-08-31 17:00:29,818 - watchfiles.main - INFO - 1 change detected
2025-08-31 17:00:30,169 - watchfiles.main - INFO - 1 change detected
2025-08-31 17:00:30,520 - watchfiles.main - INFO - 1 change detected
2025-08-31 17:00:30,871 - watchfiles.main - INFO - 1 change detected
2025-08-31 17:00:31,222 - watchfiles.main - INFO - 1 change detected
2025-08-31 17:00:31,574 - watchfiles.main - INFO - 1 change detected
2025-08-31 17:00:31,925 - watchfiles.main - INFO - 1 change detected
2025-08-31 17:00:32,276 - watchfiles.main - INFO - 1 change detected
2025-08-31 17:00:32,627 - watchfiles.main - INFO - 1 change detected
2025-08-31 17:00:32,978 - watchfiles.main - INFO - 1 change detected
2025-08-31 17:00:33,329 - watchfiles.main - INFO - 1 change detected
2025-08-31 17:00:33,680 - watchfiles.main - INFO - 1 change detected
2025-08-31 17:00:34,031 - watchfiles.main - INFO - 1 change detected
2025-08-31 17:00:34,383 - watchfiles.main - INFO - 1 change detected
2025-08-31 17:00:34,734 - watchfiles.main - INFO - 1 change detected
2025-08-31 17:00:35,085 - watchfiles.main - INFO - 1 change detected
2025-08-31 17:00:35,436 - watchfiles.main - INFO - 1 change detected
2025-08-31 17:00:35,788 - watchfiles.main - INFO - 1 change detected
2025-08-31 17:00:36,139 - watchfiles.main - INFO - 1 change detected
2025-08-31 17:00:36,490 - watchfiles.main - INFO - 1 change detected
2025-08-31 17:00:36,841 - watchfiles.main - INFO - 1 change detected
2025-08-31 17:00:37,205 - watchfiles.main - INFO - 1 change detected
2025-08-31 17:00:37,556 - watchfiles.main - INFO - 1 change detected
2025-08-31 17:00:37,907 - watchfiles.main - INFO - 1 change detected
2025-08-31 17:00:38,258 - watchfiles.main - INFO - 1 change detected
2025-08-31 17:00:38,610 - watchfiles.main - INFO - 1 change detected
2025-08-31 17:00:38,961 - watchfiles.main - INFO - 1 change detected
2025-08-31 17:00:39,312 - watchfiles.main - INFO - 1 change detected
2025-08-31 17:00:39,663 - watchfiles.main - INFO - 1 change detected
